android/app/build/intermediates/manifest_merge_blame_file/release/manifest-merger-blame-release-report.txt
1<?xml version="1.0" encoding="utf-8"?>
2<manifest xmlns:android="http://schemas.android.com/apk/res/android"
3    package="io.ionic.starter"
4    android:versionCode="1"
5    android:versionName="1.0" >
6
7    <uses-sdk
8        android:minSdkVersion="22"
8-->src\main\AndroidManifest.xml
9        android:targetSdkVersion="33" />
9-->src\main\AndroidManifest.xml
10
11    <!-- Permissions -->
12
13    <uses-permission android:name="android.permission.INTERNET" />
13-->src\main\AndroidManifest.xml:41:5-67
13-->src\main\AndroidManifest.xml:41:22-64
14    <uses-permission android:name="android.permission.READ_MEDIA_IMAGES" />
14-->src\main\AndroidManifest.xml:42:3-73
14-->src\main\AndroidManifest.xml:42:20-71
15    <uses-permission android:name="android.permission.READ_EXTERNAL_STORAGE" />
15-->src\main\AndroidManifest.xml:43:3-77
15-->src\main\AndroidManifest.xml:43:20-75
16    <uses-permission android:name="android.permission.WRITE_EXTERNAL_STORAGE" />
16-->src\main\AndroidManifest.xml:44:3-79
16-->src\main\AndroidManifest.xml:44:20-76
17
18    <queries>
18-->[:capacitor-camera] AndroidManifest.xml:7:5-11:15
19        <intent>
19-->[:capacitor-camera] AndroidManifest.xml:8:9-10:18
20            <action android:name="android.media.action.IMAGE_CAPTURE" />
20-->[:capacitor-camera] AndroidManifest.xml:9:13-73
20-->[:capacitor-camera] AndroidManifest.xml:9:21-70
21        </intent>
22    </queries>
23
24    <uses-permission android:name="android.permission.VIBRATE" />
24-->[:capacitor-haptics] AndroidManifest.xml:7:5-66
24-->[:capacitor-haptics] AndroidManifest.xml:7:22-63
25    <uses-permission android:name="android.permission.ACCESS_NETWORK_STATE" />
25-->[:capacitor-network] AndroidManifest.xml:7:5-79
25-->[:capacitor-network] AndroidManifest.xml:7:22-76
26    <uses-permission android:name="android.permission.USE_BIOMETRIC" /> <!-- suppress DeprecatedClassUsageInspection -->
26-->[androidx.biometric:biometric:1.1.0] AndroidManifest.xml:24:5-72
26-->[androidx.biometric:biometric:1.1.0] AndroidManifest.xml:24:22-69
27    <uses-permission android:name="android.permission.USE_FINGERPRINT" />
27-->[androidx.biometric:biometric:1.1.0] AndroidManifest.xml:27:5-74
27-->[androidx.biometric:biometric:1.1.0] AndroidManifest.xml:27:22-71
28
29    <permission
29-->[androidx.core:core:1.10.0] AndroidManifest.xml:22:5-24:47
30        android:name="io.ionic.starter.DYNAMIC_RECEIVER_NOT_EXPORTED_PERMISSION"
30-->[androidx.core:core:1.10.0] AndroidManifest.xml:23:9-81
31        android:protectionLevel="signature" />
31-->[androidx.core:core:1.10.0] AndroidManifest.xml:24:9-44
32
33    <uses-permission android:name="io.ionic.starter.DYNAMIC_RECEIVER_NOT_EXPORTED_PERMISSION" />
33-->[androidx.core:core:1.10.0] AndroidManifest.xml:26:5-97
33-->[androidx.core:core:1.10.0] AndroidManifest.xml:26:22-94
34    <uses-permission android:name="android.permission.CAMERA" /> <!-- Don't require camera, as this requires a rear camera. This allows it to work on the Nexus 7 -->
34-->[com.journeyapps:zxing-android-embedded:4.3.0] AndroidManifest.xml:22:5-65
34-->[com.journeyapps:zxing-android-embedded:4.3.0] AndroidManifest.xml:22:22-62
35    <uses-feature
35-->[com.journeyapps:zxing-android-embedded:4.3.0] AndroidManifest.xml:25:5-27:36
36        android:name="android.hardware.camera"
36-->[com.journeyapps:zxing-android-embedded:4.3.0] AndroidManifest.xml:26:9-47
37        android:required="false" />
37-->[com.journeyapps:zxing-android-embedded:4.3.0] AndroidManifest.xml:27:9-33
38    <uses-feature
38-->[com.journeyapps:zxing-android-embedded:4.3.0] AndroidManifest.xml:28:5-30:36
39        android:name="android.hardware.camera.front"
39-->[com.journeyapps:zxing-android-embedded:4.3.0] AndroidManifest.xml:29:9-53
40        android:required="false" /> <!-- TODO replace above two with next line after Android 4.2 -->
40-->[com.journeyapps:zxing-android-embedded:4.3.0] AndroidManifest.xml:30:9-33
41    <!-- <uses-feature android:name="android.hardware.camera.any"/> -->
42    <uses-feature
42-->[com.journeyapps:zxing-android-embedded:4.3.0] AndroidManifest.xml:33:5-35:36
43        android:name="android.hardware.camera.autofocus"
43-->[com.journeyapps:zxing-android-embedded:4.3.0] AndroidManifest.xml:34:9-57
44        android:required="false" />
44-->[com.journeyapps:zxing-android-embedded:4.3.0] AndroidManifest.xml:35:9-33
45    <uses-feature
45-->[com.journeyapps:zxing-android-embedded:4.3.0] AndroidManifest.xml:36:5-38:36
46        android:name="android.hardware.camera.flash"
46-->[com.journeyapps:zxing-android-embedded:4.3.0] AndroidManifest.xml:37:9-53
47        android:required="false" />
47-->[com.journeyapps:zxing-android-embedded:4.3.0] AndroidManifest.xml:38:9-33
48    <uses-feature
48-->[com.journeyapps:zxing-android-embedded:4.3.0] AndroidManifest.xml:39:5-41:36
49        android:name="android.hardware.screen.landscape"
49-->[com.journeyapps:zxing-android-embedded:4.3.0] AndroidManifest.xml:40:9-57
50        android:required="false" />
50-->[com.journeyapps:zxing-android-embedded:4.3.0] AndroidManifest.xml:41:9-33
51    <uses-feature
51-->[com.journeyapps:zxing-android-embedded:4.3.0] AndroidManifest.xml:42:5-44:36
52        android:name="android.hardware.wifi"
52-->[com.journeyapps:zxing-android-embedded:4.3.0] AndroidManifest.xml:43:9-45
53        android:required="false" />
53-->[com.journeyapps:zxing-android-embedded:4.3.0] AndroidManifest.xml:44:9-33
54
55    <application
55-->src\main\AndroidManifest.xml:4:5-37:19
56        android:allowBackup="true"
56-->src\main\AndroidManifest.xml:5:9-35
57        android:appComponentFactory="androidx.core.app.CoreComponentFactory"
57-->[androidx.core:core:1.10.0] AndroidManifest.xml:28:18-86
58        android:icon="@mipmap/ic_launcher"
58-->src\main\AndroidManifest.xml:6:9-43
59        android:label="@string/app_name"
59-->src\main\AndroidManifest.xml:7:9-41
60        android:roundIcon="@mipmap/ic_launcher_round"
60-->src\main\AndroidManifest.xml:8:9-54
61        android:supportsRtl="true"
61-->src\main\AndroidManifest.xml:9:9-35
62        android:theme="@style/AppTheme"
62-->src\main\AndroidManifest.xml:11:9-40
63        android:usesCleartextTraffic="true" >
63-->src\main\AndroidManifest.xml:10:9-44
64        <activity
64-->src\main\AndroidManifest.xml:13:9-26:20
65            android:name="io.ionic.starter.MainActivity"
65-->src\main\AndroidManifest.xml:15:13-41
66            android:configChanges="orientation|keyboardHidden|keyboard|screenSize|locale|smallestScreenSize|screenLayout|uiMode"
66-->src\main\AndroidManifest.xml:14:13-129
67            android:exported="true"
67-->src\main\AndroidManifest.xml:19:13-36
68            android:label="@string/title_activity_main"
68-->src\main\AndroidManifest.xml:16:13-56
69            android:launchMode="singleTask"
69-->src\main\AndroidManifest.xml:18:13-44
70            android:theme="@style/AppTheme.NoActionBarLaunch" >
70-->src\main\AndroidManifest.xml:17:13-62
71            <intent-filter>
71-->src\main\AndroidManifest.xml:21:13-24:29
72                <action android:name="android.intent.action.MAIN" />
72-->src\main\AndroidManifest.xml:22:17-69
72-->src\main\AndroidManifest.xml:22:25-66
73
74                <category android:name="android.intent.category.LAUNCHER" />
74-->src\main\AndroidManifest.xml:23:17-77
74-->src\main\AndroidManifest.xml:23:27-74
75            </intent-filter>
76        </activity>
77
78        <provider
79            android:name="androidx.core.content.FileProvider"
79-->src\main\AndroidManifest.xml:29:13-62
80            android:authorities="io.ionic.starter.fileprovider"
80-->src\main\AndroidManifest.xml:30:13-64
81            android:exported="false"
81-->src\main\AndroidManifest.xml:31:13-37
82            android:grantUriPermissions="true" >
82-->src\main\AndroidManifest.xml:32:13-47
83            <meta-data
83-->src\main\AndroidManifest.xml:33:13-35:64
84                android:name="android.support.FILE_PROVIDER_PATHS"
84-->src\main\AndroidManifest.xml:34:17-67
85                android:resource="@xml/file_paths" />
85-->src\main\AndroidManifest.xml:35:17-51
86        </provider>
87        <provider
87-->[:capacitor-cordova-android-plugins] AndroidManifest.xml:11:9-19:20
88            android:name="de.sitewaerts.cordova.documentviewer.FileProvider"
88-->[:capacitor-cordova-android-plugins] AndroidManifest.xml:12:13-77
89            android:authorities="io.ionic.starter.DocumentViewerPlugin.fileprovider"
89-->[:capacitor-cordova-android-plugins] AndroidManifest.xml:13:13-85
90            android:exported="false"
90-->[:capacitor-cordova-android-plugins] AndroidManifest.xml:14:13-37
91            android:grantUriPermissions="true" >
91-->[:capacitor-cordova-android-plugins] AndroidManifest.xml:15:13-47
92            <meta-data
92-->src\main\AndroidManifest.xml:33:13-35:64
93                android:name="android.support.FILE_PROVIDER_PATHS"
93-->src\main\AndroidManifest.xml:34:17-67
94                android:resource="@xml/documentviewer_file_paths" />
94-->src\main\AndroidManifest.xml:35:17-51
95        </provider>
96        <provider
96-->[androidx.emoji2:emoji2:1.2.0] AndroidManifest.xml:24:9-32:20
97            android:name="androidx.startup.InitializationProvider"
97-->[androidx.emoji2:emoji2:1.2.0] AndroidManifest.xml:25:13-67
98            android:authorities="io.ionic.starter.androidx-startup"
98-->[androidx.emoji2:emoji2:1.2.0] AndroidManifest.xml:26:13-68
99            android:exported="false" >
99-->[androidx.emoji2:emoji2:1.2.0] AndroidManifest.xml:27:13-37
100            <meta-data
100-->[androidx.emoji2:emoji2:1.2.0] AndroidManifest.xml:29:13-31:52
101                android:name="androidx.emoji2.text.EmojiCompatInitializer"
101-->[androidx.emoji2:emoji2:1.2.0] AndroidManifest.xml:30:17-75
102                android:value="androidx.startup" />
102-->[androidx.emoji2:emoji2:1.2.0] AndroidManifest.xml:31:17-49
103            <meta-data
103-->[androidx.lifecycle:lifecycle-process:2.6.1] AndroidManifest.xml:29:13-31:52
104                android:name="androidx.lifecycle.ProcessLifecycleInitializer"
104-->[androidx.lifecycle:lifecycle-process:2.6.1] AndroidManifest.xml:30:17-78
105                android:value="androidx.startup" />
105-->[androidx.lifecycle:lifecycle-process:2.6.1] AndroidManifest.xml:31:17-49
106            <meta-data
106-->[androidx.profileinstaller:profileinstaller:1.3.0] AndroidManifest.xml:29:13-31:52
107                android:name="androidx.profileinstaller.ProfileInstallerInitializer"
107-->[androidx.profileinstaller:profileinstaller:1.3.0] AndroidManifest.xml:30:17-85
108                android:value="androidx.startup" />
108-->[androidx.profileinstaller:profileinstaller:1.3.0] AndroidManifest.xml:31:17-49
109        </provider>
110
111        <service
111-->[androidx.room:room-runtime:2.5.1] AndroidManifest.xml:24:9-28:63
112            android:name="androidx.room.MultiInstanceInvalidationService"
112-->[androidx.room:room-runtime:2.5.1] AndroidManifest.xml:25:13-74
113            android:directBootAware="true"
113-->[androidx.room:room-runtime:2.5.1] AndroidManifest.xml:26:13-43
114            android:exported="false" />
114-->[androidx.room:room-runtime:2.5.1] AndroidManifest.xml:27:13-37
115
116        <receiver
116-->[androidx.profileinstaller:profileinstaller:1.3.0] AndroidManifest.xml:34:9-52:20
117            android:name="androidx.profileinstaller.ProfileInstallReceiver"
117-->[androidx.profileinstaller:profileinstaller:1.3.0] AndroidManifest.xml:35:13-76
118            android:directBootAware="false"
118-->[androidx.profileinstaller:profileinstaller:1.3.0] AndroidManifest.xml:36:13-44
119            android:enabled="true"
119-->[androidx.profileinstaller:profileinstaller:1.3.0] AndroidManifest.xml:37:13-35
120            android:exported="true"
120-->[androidx.profileinstaller:profileinstaller:1.3.0] AndroidManifest.xml:38:13-36
121            android:permission="android.permission.DUMP" >
121-->[androidx.profileinstaller:profileinstaller:1.3.0] AndroidManifest.xml:39:13-57
122            <intent-filter>
122-->[androidx.profileinstaller:profileinstaller:1.3.0] AndroidManifest.xml:40:13-42:29
123                <action android:name="androidx.profileinstaller.action.INSTALL_PROFILE" />
123-->[androidx.profileinstaller:profileinstaller:1.3.0] AndroidManifest.xml:41:17-91
123-->[androidx.profileinstaller:profileinstaller:1.3.0] AndroidManifest.xml:41:25-88
124            </intent-filter>
125            <intent-filter>
125-->[androidx.profileinstaller:profileinstaller:1.3.0] AndroidManifest.xml:43:13-45:29
126                <action android:name="androidx.profileinstaller.action.SKIP_FILE" />
126-->[androidx.profileinstaller:profileinstaller:1.3.0] AndroidManifest.xml:44:17-85
126-->[androidx.profileinstaller:profileinstaller:1.3.0] AndroidManifest.xml:44:25-82
127            </intent-filter>
128            <intent-filter>
128-->[androidx.profileinstaller:profileinstaller:1.3.0] AndroidManifest.xml:46:13-48:29
129                <action android:name="androidx.profileinstaller.action.SAVE_PROFILE" />
129-->[androidx.profileinstaller:profileinstaller:1.3.0] AndroidManifest.xml:47:17-88
129-->[androidx.profileinstaller:profileinstaller:1.3.0] AndroidManifest.xml:47:25-85
130            </intent-filter>
131            <intent-filter>
131-->[androidx.profileinstaller:profileinstaller:1.3.0] AndroidManifest.xml:49:13-51:29
132                <action android:name="androidx.profileinstaller.action.BENCHMARK_OPERATION" />
132-->[androidx.profileinstaller:profileinstaller:1.3.0] AndroidManifest.xml:50:17-95
132-->[androidx.profileinstaller:profileinstaller:1.3.0] AndroidManifest.xml:50:25-92
133            </intent-filter>
134        </receiver>
135
136        <activity
136-->[com.journeyapps:zxing-android-embedded:4.3.0] AndroidManifest.xml:47:9-53:63
137            android:name="com.journeyapps.barcodescanner.CaptureActivity"
137-->[com.journeyapps:zxing-android-embedded:4.3.0] AndroidManifest.xml:48:13-74
138            android:clearTaskOnLaunch="true"
138-->[com.journeyapps:zxing-android-embedded:4.3.0] AndroidManifest.xml:49:13-45
139            android:screenOrientation="sensorLandscape"
139-->[com.journeyapps:zxing-android-embedded:4.3.0] AndroidManifest.xml:50:13-56
140            android:stateNotNeeded="true"
140-->[com.journeyapps:zxing-android-embedded:4.3.0] AndroidManifest.xml:51:13-42
141            android:theme="@style/zxing_CaptureTheme"
141-->[com.journeyapps:zxing-android-embedded:4.3.0] AndroidManifest.xml:52:13-54
142            android:windowSoftInputMode="stateAlwaysHidden" />
142-->[com.journeyapps:zxing-android-embedded:4.3.0] AndroidManifest.xml:53:13-60
143    </application>
144
145</manifest>